0 info it worked if it ends with ok
1 verbose cli [ '/home/alex/.nvm/versions/node/v6.9.1/bin/node',
1 verbose cli   '/home/alex/.nvm/versions/node/v6.9.1/bin/npm',
1 verbose cli   'run',
1 verbose cli   'build' ]
2 info using npm@4.0.2
3 info using node@v6.9.1
4 verbose run-script [ 'prebuild', 'build', 'postbuild' ]
5 info lifecycle mementic-ui@0.0.1~prebuild: mementic-ui@0.0.1
6 silly lifecycle mementic-ui@0.0.1~prebuild: no script for prebuild, continuing
7 info lifecycle mementic-ui@0.0.1~build: mementic-ui@0.0.1
8 verbose lifecycle mementic-ui@0.0.1~build: unsafe-perm in lifecycle true
9 verbose lifecycle mementic-ui@0.0.1~build: PATH: /home/alex/.nvm/versions/node/v6.9.1/lib/node_modules/npm/bin/node-gyp-bin:/home/alex/projects/personal/mementic-ui/node_modules/.bin:/home/alex/.nvm/versions/node/v6.9.1/bin:/usr/local/sbin:/usr/local/bin:/usr/sbin:/usr/bin:/sbin:/bin:/usr/games:/usr/local/games:/snap/bin:/usr/lib/jvm/java-8-oracle/bin:/usr/lib/jvm/java-8-oracle/db/bin:/usr/lib/jvm/java-8-oracle/jre/bin
10 verbose lifecycle mementic-ui@0.0.1~build: CWD: /home/alex/projects/personal/mementic-ui
11 silly lifecycle mementic-ui@0.0.1~build: Args: [ '-c', 'gulp build-install' ]
12 silly lifecycle mementic-ui@0.0.1~build: Returned: code: 1  signal: null
13 info lifecycle mementic-ui@0.0.1~build: Failed to exec build script
14 verbose stack Error: mementic-ui@0.0.1 build: `gulp build-install`
14 verbose stack Exit status 1
14 verbose stack     at EventEmitter.<anonymous> (/home/alex/.nvm/versions/node/v6.9.1/lib/node_modules/npm/lib/utils/lifecycle.js:279:16)
14 verbose stack     at emitTwo (events.js:106:13)
14 verbose stack     at EventEmitter.emit (events.js:191:7)
14 verbose stack     at ChildProcess.<anonymous> (/home/alex/.nvm/versions/node/v6.9.1/lib/node_modules/npm/lib/utils/spawn.js:40:14)
14 verbose stack     at emitTwo (events.js:106:13)
14 verbose stack     at ChildProcess.emit (events.js:191:7)
14 verbose stack     at maybeClose (internal/child_process.js:877:16)
14 verbose stack     at Process.ChildProcess._handle.onexit (internal/child_process.js:226:5)
15 verbose pkgid mementic-ui@0.0.1
16 verbose cwd /home/alex/projects/personal/mementic-ui
17 error Linux 4.4.0-47-generic
18 error argv "/home/alex/.nvm/versions/node/v6.9.1/bin/node" "/home/alex/.nvm/versions/node/v6.9.1/bin/npm" "run" "build"
19 error node v6.9.1
20 error npm  v4.0.2
21 error code ELIFECYCLE
22 error mementic-ui@0.0.1 build: `gulp build-install`
22 error Exit status 1
23 error Failed at the mementic-ui@0.0.1 build script 'gulp build-install'.
23 error Make sure you have the latest version of node.js and npm installed.
23 error If you do, this is most likely a problem with the mementic-ui package,
23 error not with npm itself.
23 error Tell the author that this fails on your system:
23 error     gulp build-install
23 error You can get information on how to open an issue for this project with:
23 error     npm bugs mementic-ui
23 error Or if that isn't available, you can get their info via:
23 error     npm owner ls mementic-ui
23 error There is likely additional logging output above.
24 verbose exit [ 1, true ]
